make all --print-data-base --no-builtin-variables --no-builtin-rules --question
# GNU Make 4.3
# Built for x86_64-pc-linux-gnu
# Copyright (C) 1988-2020 Free Software Foundation, Inc.
# License GPLv3+: GNU GPL version 3 or later <http://gnu.org/licenses/gpl.html>
# This is free software: you are free to change and redistribute it.
# There is NO WARRANTY, to the extent permitted by law.

# Make data base, printed on Fri Aug 26 18:52:18 2022

# Variables

# environment
GDK_BACKEND = x11
# environment
LC_ALL = C
# environment
GNOME_SHELL_SESSION_MODE = pop
# environment
SSH_AGENT_LAUNCHER = gnome-keyring
# environment
SNAP_INSTANCE_KEY = 
# environment
GJS_DEBUG_OUTPUT = stderr
# environment
VSCODE_CWD = /home/nilesh
# environment
WINDOWPATH = 2
# default
MAKE_COMMAND := make
# environment
QT_ACCESSIBILITY = 1
# environment
rvm_bin_path = /home/nilesh/.rvm/bin
# automatic
@D = $(patsubst %/,%,$(dir $@))
# environment
SNAP_INSTANCE_NAME = code
# environment
GDK_PIXBUF_MODULEDIR = /snap/code/105/usr/lib/x86_64-linux-gnu/gdk-pixbuf-2.0/2.10.0/loaders
# environment
VSCODE_HANDLES_UNCAUGHT_ERRORS = true
# default
.VARIABLES := 
# environment
PWD = /home/nilesh/Desktop/kteam-project/ken_lang
# automatic
%D = $(patsubst %/,%,$(dir $%))
# environment
XDG_DATA_DIRS = /usr/share/pop:/usr/share/gnome:/home/nilesh/.local/share/flatpak/exports/share:/var/lib/flatpak/exports/share:/usr/local/share/:/usr/share/:/var/lib/snapd/desktop
# automatic
^D = $(patsubst %/,%,$(dir $^))
# automatic
%F = $(notdir $%)
# environment
VSCODE_CODE_CACHE_PATH = /home/nilesh/.config/Code/CachedData/e4503b30fc78200f846c62cf8091b76ff5547662
# environment
LANG = C
# environment
XAUTHORITY = /run/user/1000/gdm/Xauthority
# default
.LOADED := 
# default
.INCLUDE_DIRS = /usr/local/include /usr/include /usr/include
# makefile
MAKEFLAGS = pqrR
# makefile
CURDIR := /home/nilesh/Desktop/kteam-project/ken_lang
# environment
APPLICATION_INSIGHTS_NO_DIAGNOSTIC_CHANNEL = 1
# automatic
*D = $(patsubst %/,%,$(dir $*))
# environment
MFLAGS = -pqrR
# environment
SSH_AUTH_SOCK = /run/user/1000/keyring/ssh
# default
.SHELLFLAGS := -c
# environment
XDG_CONFIG_DIRS = /etc/xdg/xdg-pop:/etc/xdg
# automatic
+D = $(patsubst %/,%,$(dir $+))
# environment
XDG_SESSION_DESKTOP = pop
# makefile (from 'Makefile', line 1)
MAKEFILE_LIST := Makefile
# environment
SNAP_REEXEC = 
# automatic
@F = $(notdir $@)
# environment
VSCODE_PID = 124131
# makefile (from 'Makefile', line 2)
sources = $(wildcard src/*.c)
# environment
XDG_SESSION_TYPE = x11
# automatic
?D = $(patsubst %/,%,$(dir $?))
# environment
BAMF_DESKTOP_FILE_HINT = /var/lib/snapd/desktop/applications/code_code.desktop
# environment
SESSION_MANAGER = local/pop-os:@/tmp/.ICE-unix/5052,unix/pop-os:/tmp/.ICE-unix/5052
# automatic
*F = $(notdir $*)
# environment
CHROME_DESKTOP = code-url-handler.desktop
# environment
DBUS_SESSION_BUS_ADDRESS = unix:path=/run/user/1000/bus
# automatic
<D = $(patsubst %/,%,$(dir $<))
# environment
VSCODE_NLS_CONFIG = {"locale":"en-us","availableLanguages":{},"_languagePackSupport":true}
# default
MAKE_HOST := x86_64-pc-linux-gnu
# environment
GNOME_DESKTOP_SESSION_ID = this-is-deprecated
# makefile
SHELL = /bin/sh
# default
MAKECMDGOALS := all
# environment
XMODIFIERS = @im=ibus
# makefile (from 'Makefile', line 3)
objects = $(sources:.c=.o)
# environment
GJS_DEBUG_TOPICS = JS ERROR;JS LOG
# environment
SHLVL = 0
# environment
rvm_path = /home/nilesh/.rvm
# environment
MAKELEVEL := 0
# default
MAKE = $(MAKE_COMMAND)
# environment
SNAP_COOKIE = 2DJSQg1RyKAbsJe3jasiN0xbBIR5ipWRP-GvQiTX90Gqygr7cL7W
# environment
PATH = /home/nilesh/.cargo/bin:/usr/local/sbin:/usr/local/bin:/usr/sbin:/usr/bin:/sbin:/bin:/usr/games:/usr/local/games:/snap/bin:/snap/bin:/home/nilesh/.dotnet/tools:/home/nilesh/.rvm/bin:/home/nilesh/kengine-0.0.1:/home/nilesh/kengine-0.0.1/:/home/nilesh/kengine-0.0.1/bin/testbed
# default
MAKEFILES := 
# automatic
^F = $(notdir $^)
# environment
SNAP_USER_COMMON = /home/nilesh/snap/code/common
# environment
SNAP = /snap/code/105
# environment
INVOCATION_ID = 175755e486174f61a48445160b324810
# environment
SNAP_REVISION = 105
# environment
SNAP_REAL_HOME = /home/nilesh
# environment
USERNAME = nilesh
# automatic
?F = $(notdir $?)
# makefile (from 'Makefile', line 1)
exec = ken
# environment
GTK_IM_MODULE = ibus
# environment
XDG_CURRENT_DESKTOP = Unity
# automatic
+F = $(notdir $+)
# environment
DESKTOP_SESSION = pop
# environment
ORIGINAL_XDG_CURRENT_DESKTOP = pop:GNOME
# 'override' directive
GNUMAKEFLAGS := 
# environment
LOGNAME = nilesh
# environment
GIO_LAUNCHED_DESKTOP_FILE = /var/lib/snapd/desktop/applications/code_code.desktop
# environment
SNAP_ARCH = amd64
# makefile
.DEFAULT_GOAL := ken
# environment
SYSTEMD_EXEC_PID = 5088
# environment
rvm_version = 1.29.12 (latest)
# environment
DISPLAY = :1
# environment
USER = nilesh
# environment
GTK_MODULES = gail:atk-bridge:appmenu-gtk-module
# default
MAKE_VERSION := 4.3
# environment
DISABLE_WAYLAND = 1
# environment
SNAP_DATA = /var/snap/code/105
# environment
SNAP_CONTEXT = 2DJSQg1RyKAbsJe3jasiN0xbBIR5ipWRP-GvQiTX90Gqygr7cL7W
# environment
MANAGERPID = 4809
# environment
GIO_LAUNCHED_DESKTOP_FILE_PID = 124003
# environment
XDG_RUNTIME_DIR = /run/user/1000
# environment
GPG_AGENT_INFO = /run/user/1000/gnupg/S.gpg-agent:0:1
# environment
GDK_PIXBUF_MODULE_FILE = /home/nilesh/snap/code/common/.cache/gdk-pixbuf-loaders.cache
# environment
JOURNAL_STREAM = 8:51628
# environment
XDG_SESSION_CLASS = user
# environment
VSCODE_AMD_ENTRYPOINT = vs/workbench/api/node/extensionHostProcess
# environment
HOME = /home/nilesh
# environment
QT_IM_MODULE = ibus
# environment
ELECTRON_RUN_AS_NODE = 1
# environment
VSCODE_IPC_HOOK = /run/user/1000/vscode-95fb21d5-1.70.2-main.sock
# environment
SNAP_NAME = code
# environment
GSETTINGS_SCHEMA_DIR = /snap/code/105/usr/share/glib-2.0/schemas
# default
.RECIPEPREFIX := 
# automatic
<F = $(notdir $<)
# environment
SNAP_VERSION = e4503b30
# default
SUFFIXES := 
# environment
VSCODE_CLI = 1
# environment
ELECTRON_NO_ATTACH_CONSOLE = 1
# environment
SNAP_COMMON = /var/snap/code/common
# default
.FEATURES := target-specific order-only second-expansion else-if shortest-stem undefine oneshell nocomment grouped-target extra-prereqs archives jobserver output-sync check-symlink load
# environment
rvm_prefix = /home/nilesh
# environment
SNAP_USER_DATA = /home/nilesh/snap/code/105
# environment
XDG_MENU_PREFIX = gnome-
# makefile (from 'Makefile', line 4)
flags = -g -Wall -lm -ldl -fPIC -rdynamic
# environment
GDMSESSION = pop
# environment
SNAP_LIBRARY_PATH = /var/lib/snapd/lib/gl:/var/lib/snapd/lib/gl32:/var/lib/snapd/void
# variable set hash-table stats:
# Load=120/1024=12%, Rehash=0, Collisions=6/153=4%

# Pattern-specific Variable Values

# No pattern-specific variable values.

# Directories

# include: could not be stat'd.
# src (device 2051, inode 16524586): 11 files, no impossibilities.
# . (device 2051, inode 16524584): 12 files, no impossibilities.

# 23 files, no impossibilities in 3 directories.

# Implicit Rules

%.o: %.c include/%.h
#  recipe to execute (from 'Makefile', line 10):
	gcc -c $(flags) $< -o $@

# 1 implicit rules, 0 (0.0%) terminal.
# Files

lint:
#  Implicit rule search has not been done.
#  Modification time never checked.
#  File has not been updated.
 
make: *** No rule to make target 'all'.  Stop.

#  recipe to execute (from 'Makefile', line 17):
	clang-tidy src/*.c src/include/*.h

# Not a target:
Makefile:
#  Implicit rule search has been done.
#  Last modified 2022-08-20 13:48:24.39877687
#  File has been updated.
#  Successfully updated.

clean:
#  Implicit rule search has not been done.
#  Modification time never checked.
#  File has not been updated.
#  recipe to execute (from 'Makefile', line 13):
	-rm ken 
	-rm src/*.o

# Not a target:
src/lexer.o:
#  Implicit rule search has not been done.
#  Modification time never checked.
#  File has not been updated.

ken: src/ken.o src/lexer.o src/main.o src/token.o
#  Implicit rule search has not been done.
#  Modification time never checked.
#  File has not been updated.
#  recipe to execute (from 'Makefile', line 7):
	gcc $(objects) $(flags) -o $(exec)

# Not a target:
src/main.o:
#  Implicit rule search has not been done.
#  Modification time never checked.
#  File has not been updated.

# Not a target:
.DEFAULT:
#  Implicit rule search has not been done.
#  Modification time never checked.
#  File has not been updated.

# Not a target:
src/token.o:
#  Implicit rule search has not been done.
#  Modification time never checked.
#  File has not been updated.

# Not a target:
all:
#  Command line target.
#  Implicit rule search has been done.
#  File does not exist.
#  File has not been updated.

# Not a target:
src/ken.o:
#  Implicit rule search has not been done.
#  Modification time never checked.
#  File has not been updated.

# files hash-table stats:
# Load=11/1024=1%, Rehash=0, Collisions=0/25=0%
# VPATH Search Paths

# No 'vpath' search paths.

# No general ('VPATH' variable) search path.

# strcache buffers: 1 (0) / strings = 35 / storage = 279 B / avg = 7 B
# current buf: size = 8162 B / used = 279 B / count = 35 / avg = 7 B

# strcache performance: lookups = 47 / hit rate = 25%
# hash-table stats:
# Load=35/8192=0%, Rehash=0, Collisions=0/47=0%
# Finished Make data base on Fri Aug 26 18:52:18 2022

 
